;  LST file generated by mikroListExporter - v.2.0 
; Date/Time: 27/11/2021 17:51:01
;----------------------------------------------

;Address Opcode 	ASM
0x0000	0x2803      	GOTO       3
_main:
;Prjoect15.c,1 :: 		void main() {
;Prjoect15.c,2 :: 		ANSEL = ANSELH = 0;
0x0003	0x1683      	BSF        STATUS, 5
0x0004	0x1703      	BSF        STATUS, 6
0x0005	0x0189      	CLRF       ANSELH
0x0006	0x0188      	CLRF       ANSEL
;Prjoect15.c,3 :: 		PORTC = 0;
0x0007	0x1283      	BCF        STATUS, 5
0x0008	0x1303      	BCF        STATUS, 6
0x0009	0x0187      	CLRF       PORTC
;Prjoect15.c,4 :: 		PORTD = 0;
0x000A	0x0188      	CLRF       PORTD
;Prjoect15.c,5 :: 		TRISC = 0x00;
0x000B	0x1683      	BSF        STATUS, 5
0x000C	0x0187      	CLRF       TRISC
;Prjoect15.c,6 :: 		TRISD = 0x00;
0x000D	0x0188      	CLRF       TRISD
;Prjoect15.c,7 :: 		EEADR = 0x00;
0x000E	0x1283      	BCF        STATUS, 5
0x000F	0x1703      	BSF        STATUS, 6
0x0010	0x018D      	CLRF       EEADR
;Prjoect15.c,8 :: 		while(1) {
L_main0:
;Prjoect15.c,9 :: 		EEPGD_bit = 0;
0x0011	0x1683      	BSF        STATUS, 5
0x0012	0x138C      	BCF        EEPGD_bit, BitPos(EEPGD_bit+0)
;Prjoect15.c,10 :: 		RD_bit = 1;
0x0013	0x140C      	BSF        RD_bit, BitPos(RD_bit+0)
;Prjoect15.c,11 :: 		PORTC = EEADR;
0x0014	0x1283      	BCF        STATUS, 5
0x0015	0x080D      	MOVF       EEADR, 0
0x0016	0x1303      	BCF        STATUS, 6
0x0017	0x0087      	MOVWF      PORTC
;Prjoect15.c,12 :: 		PORTD = EEDAT;
0x0018	0x1703      	BSF        STATUS, 6
0x0019	0x080C      	MOVF       EEDAT, 0
0x001A	0x1303      	BCF        STATUS, 6
0x001B	0x0088      	MOVWF      PORTD
;Prjoect15.c,13 :: 		delay_ms(1000);
0x001C	0x3002      	MOVLW      2
0x001D	0x00FB      	MOVWF      R11
0x001E	0x3045      	MOVLW      69
0x001F	0x00FC      	MOVWF      R12
0x0020	0x30A9      	MOVLW      169
0x0021	0x00FD      	MOVWF      R13
L_main2:
0x0022	0x0BFD      	DECFSZ     R13, 1
0x0023	0x2822      	GOTO       L_main2
0x0024	0x0BFC      	DECFSZ     R12, 1
0x0025	0x2822      	GOTO       L_main2
0x0026	0x0BFB      	DECFSZ     R11, 1
0x0027	0x2822      	GOTO       L_main2
0x0028	0x0000      	NOP
0x0029	0x0000      	NOP
;Prjoect15.c,14 :: 		EEADR++;
0x002A	0x1703      	BSF        STATUS, 6
0x002B	0x0A0D      	INCF       EEADR, 0
0x002C	0x00F0      	MOVWF      R0
0x002D	0x0870      	MOVF       R0, 0
0x002E	0x008D      	MOVWF      EEADR
;Prjoect15.c,15 :: 		}
0x002F	0x2811      	GOTO       L_main0
;Prjoect15.c,16 :: 		}
L_end_main:
0x0030	0x2830      	GOTO       $+0
; end of _main
Symbol List:
//** Routines locations **
//ADDRESS    SIZE    PROCEDURE
//----------------------------------------------
0x0003      [46]    _main
//** Variables locations ** 
//ADDRESS    SIZE    VARIABLE
//----------------------------------------------
0x0000       [1]    INDF
0x0003       [1]    STATUS
0x0004       [1]    FSR
0x0007       [1]    PORTC
0x0008       [1]    PORTD
0x000A       [1]    PCLATH
0x0020       [2]    ___DoICPAddr
0x0070       [1]    R0
0x0071       [1]    R1
0x0072       [1]    R2
0x0073       [1]    R3
0x0074       [1]    R4
0x0075       [1]    R5
0x0076       [1]    R6
0x0077       [1]    R7
0x0078       [1]    R8
0x0079       [1]    R9
0x007A       [1]    R10
0x007B       [1]    R11
0x007C       [1]    R12
0x007D       [1]    R13
0x007E       [1]    R14
0x007F       [1]    R15
0x0087       [1]    TRISC
0x0088       [1]    TRISD
0x010C       [1]    EEDAT
0x010D       [1]    EEADR
0x0188       [1]    ANSEL
0x0189       [1]    ANSELH
0x018C       [0]    EEPGD_bit
0x018C       [0]    RD_bit
