;  LST file generated by mikroListExporter - v.2.0 
; Date/Time: 27/11/2021 17:40:09
;----------------------------------------------

;Address Opcode 	ASM
0x0000	0x2830      	GOTO       48
_Interrupt:
0x0004	0x00FF      	MOVWF      R15
0x0005	0x0E03      	SWAPF      STATUS, 0
0x0006	0x0183      	CLRF       STATUS
0x0007	0x00A5      	MOVWF      ___saveSTATUS
0x0008	0x080A      	MOVF       PCLATH, 0
0x0009	0x00A4      	MOVWF      ___savePCLATH
0x000A	0x018A      	CLRF       PCLATH
;Prjoect13.c,3 :: 		void Interrupt() {
;Prjoect13.c,4 :: 		if (CCP2IF_bit == 1) {
0x000B	0x1C0D      	BTFSS      CCP2IF_bit, BitPos(CCP2IF_bit+0)
0x000C	0x2811      	GOTO       L_Interrupt0
;Prjoect13.c,5 :: 		cnt++;
0x000D	0x0AA0      	INCF       _cnt, 1
0x000E	0x1903      	BTFSC      STATUS, 2
0x000F	0x0AA1      	INCF       _cnt+1, 1
;Prjoect13.c,6 :: 		CCP2IF_bit = 0;
0x0010	0x100D      	BCF        CCP2IF_bit, BitPos(CCP2IF_bit+0)
;Prjoect13.c,7 :: 		}
L_Interrupt0:
;Prjoect13.c,8 :: 		}
L_end_Interrupt:
L__Interrupt5:
0x0011	0x0824      	MOVF       ___savePCLATH, 0
0x0012	0x008A      	MOVWF      PCLATH
0x0013	0x0E25      	SWAPF      ___saveSTATUS, 0
0x0014	0x0083      	MOVWF      STATUS
0x0015	0x0EFF      	SWAPF      R15, 1
0x0016	0x0E7F      	SWAPF      R15, 0
0x0017	0x0009      	RETFIE
; end of _Interrupt
_____DoICP:
;__Lib_System.c,6 :: 		
;__Lib_System.c,9 :: 		
0x0018	0x1283      	BCF        STATUS, 5
0x0019	0x1303      	BCF        STATUS, 6
0x001A	0x0823      	MOVF       ___DoICPAddr+1, 0
0x001B	0x008A      	MOVWF      PCLATH
;__Lib_System.c,10 :: 		
0x001C	0x0822      	MOVF       ___DoICPAddr, 0
0x001D	0x0082      	MOVWF      PCL
;__Lib_System.c,12 :: 		
L_end_____DoICP:
0x001E	0x0008      	RETURN
; end of _____DoICP
___CC2DW:
;__Lib_System.c,134 :: 		
;__Lib_System.c,137 :: 		
_CC2D_Loop1:
;__Lib_System.c,139 :: 		
0x001F	0x2018      	CALL       _____DoICP
0x0020	0x118A      	BCF        PCLATH, 3
0x0021	0x120A      	BCF        PCLATH, 4
;__Lib_System.c,141 :: 		
0x0022	0x0080      	MOVWF      INDF
;__Lib_System.c,142 :: 		
0x0023	0x0A84      	INCF       FSR, 1
;__Lib_System.c,143 :: 		
0x0024	0x0AA2      	INCF       ___DoICPAddr, 1
;__Lib_System.c,145 :: 		
0x0025	0x1903      	BTFSC      STATUS, 2
;__Lib_System.c,146 :: 		
0x0026	0x0AA3      	INCF       ___DoICPAddr+1, 1
;__Lib_System.c,147 :: 		
0x0027	0x03F0      	DECF       R0, 1
;__Lib_System.c,149 :: 		
0x0028	0x1D03      	BTFSS      STATUS, 2
;__Lib_System.c,150 :: 		
0x0029	0x281F      	GOTO       _CC2D_Loop1
;__Lib_System.c,152 :: 		
L_end___CC2DW:
0x002A	0x0008      	RETURN
; end of ___CC2DW
_INVERT:
;Prjoect13.c,10 :: 		void INVERT() {
;Prjoect13.c,11 :: 		RD0_bit = ~RD0_bit;
0x002B	0x3001      	MOVLW      1
0x002C	0x1283      	BCF        STATUS, 5
0x002D	0x1303      	BCF        STATUS, 6
0x002E	0x0688      	XORWF      RD0_bit, 1
;Prjoect13.c,12 :: 		}
L_end_INVERT:
0x002F	0x0008      	RETURN
; end of _INVERT
_main:
0x0030	0x1283      	BCF        STATUS, 5
0x0031	0x1303      	BCF        STATUS, 6
0x0032	0x01A0      	CLRF       _cnt
0x0033	0x01A1      	CLRF       33
;Prjoect13.c,14 :: 		void main() {
;Prjoect13.c,15 :: 		TRISD = 0x00;
0x0034	0x1683      	BSF        STATUS, 5
0x0035	0x0188      	CLRF       TRISD
;Prjoect13.c,16 :: 		PORTD = 0x00;
0x0036	0x1283      	BCF        STATUS, 5
0x0037	0x0188      	CLRF       PORTD
;Prjoect13.c,17 :: 		GIE_bit = 1;
0x0038	0x178B      	BSF        GIE_bit, BitPos(GIE_bit+0)
;Prjoect13.c,18 :: 		PEIE_bit = 1;
0x0039	0x170B      	BSF        PEIE_bit, BitPos(PEIE_bit+0)
;Prjoect13.c,19 :: 		CCP2IE_bit = 1;
0x003A	0x1683      	BSF        STATUS, 5
0x003B	0x140D      	BSF        CCP2IE_bit, BitPos(CCP2IE_bit+0)
;Prjoect13.c,20 :: 		CCP2M0_bit = 1;
0x003C	0x1283      	BCF        STATUS, 5
0x003D	0x141D      	BSF        CCP2M0_bit, BitPos(CCP2M0_bit+0)
;Prjoect13.c,21 :: 		CCP2M1_bit = 0;
0x003E	0x109D      	BCF        CCP2M1_bit, BitPos(CCP2M1_bit+0)
;Prjoect13.c,22 :: 		CCP2M2_bit = 1;
0x003F	0x151D      	BSF        CCP2M2_bit, BitPos(CCP2M2_bit+0)
;Prjoect13.c,23 :: 		CCP2M3_bit = 0;
0x0040	0x119D      	BCF        CCP2M3_bit, BitPos(CCP2M3_bit+0)
;Prjoect13.c,24 :: 		while(1) {
L_main1:
;Prjoect13.c,25 :: 		if (cnt == 1) {
0x0041	0x3000      	MOVLW      0
0x0042	0x0621      	XORWF      _cnt+1, 0
0x0043	0x1D03      	BTFSS      STATUS, 2
0x0044	0x2847      	GOTO       L__main8
0x0045	0x3001      	MOVLW      1
0x0046	0x0620      	XORWF      _cnt, 0
L__main8:
0x0047	0x1D03      	BTFSS      STATUS, 2
0x0048	0x284C      	GOTO       L_main3
;Prjoect13.c,26 :: 		INVERT();
0x0049	0x202B      	CALL       _INVERT
;Prjoect13.c,27 :: 		cnt = 0;
0x004A	0x01A0      	CLRF       _cnt
0x004B	0x01A1      	CLRF       _cnt+1
;Prjoect13.c,28 :: 		}
L_main3:
;Prjoect13.c,29 :: 		}
0x004C	0x2841      	GOTO       L_main1
;Prjoect13.c,30 :: 		}
L_end_main:
0x004D	0x284D      	GOTO       $+0
; end of _main
Symbol List:
//** Routines locations **
//ADDRESS    SIZE    PROCEDURE
//----------------------------------------------
0x0004      [20]    _Interrupt
0x0018       [7]    _____DoICP
0x001F      [12]    ___CC2DW
0x002B       [5]    _INVERT
0x0030      [30]    _main
//** Variables locations ** 
//ADDRESS    SIZE    VARIABLE
//----------------------------------------------
0x0000       [1]    INDF
0x0002       [1]    PCL
0x0003       [1]    STATUS
0x0004       [1]    FSR
0x0008       [0]    RD0_bit
0x0008       [1]    PORTD
0x000A       [1]    PCLATH
0x000B       [0]    GIE_bit
0x000B       [0]    PEIE_bit
0x000D       [0]    CCP2IF_bit
0x001D       [0]    CCP2M2_bit
0x001D       [0]    CCP2M0_bit
0x001D       [0]    CCP2M1_bit
0x001D       [0]    CCP2M3_bit
0x0020       [2]    _cnt
0x0022       [2]    ___DoICPAddr
0x0024       [1]    ___savePCLATH
0x0025       [1]    ___saveSTATUS
0x0070       [1]    R0
0x0071       [1]    R1
0x0072       [1]    R2
0x0073       [1]    R3
0x0074       [1]    R4
0x0075       [1]    R5
0x0076       [1]    R6
0x0077       [1]    R7
0x0078       [1]    R8
0x0079       [1]    R9
0x007A       [1]    R10
0x007B       [1]    R11
0x007C       [1]    R12
0x007D       [1]    R13
0x007E       [1]    R14
0x007F       [1]    R15
0x0088       [1]    TRISD
0x008D       [0]    CCP2IE_bit
