;  LST file generated by mikroListExporter - v.2.0 
; Date/Time: 27/11/2021 17:36:18
;----------------------------------------------

;Address Opcode 	ASM
0x0000	0x2803      	GOTO       3
_main:
;Project9.c,1 :: 		void main() {
;Project9.c,2 :: 		ANSEL = ANSELH = 0;
0x0003	0x1683      	BSF        STATUS, 5
0x0004	0x1703      	BSF        STATUS, 6
0x0005	0x0189      	CLRF       ANSELH
0x0006	0x0188      	CLRF       ANSEL
;Project9.c,3 :: 		TRISC = 0x00;
0x0007	0x1303      	BCF        STATUS, 6
0x0008	0x0187      	CLRF       TRISC
;Project9.c,4 :: 		TRISD = 0x00;
0x0009	0x0188      	CLRF       TRISD
;Project9.c,5 :: 		PORTC = 0x00;
0x000A	0x1283      	BCF        STATUS, 5
0x000B	0x0187      	CLRF       PORTC
;Project9.c,6 :: 		PORTD = 0x00;
0x000C	0x0188      	CLRF       PORTD
;Project9.c,7 :: 		CHS0_bit = 0;
0x000D	0x111F      	BCF        CHS0_bit, BitPos(CHS0_bit+0)
;Project9.c,8 :: 		CHS1_bit = 0;
0x000E	0x119F      	BCF        CHS1_bit, BitPos(CHS1_bit+0)
;Project9.c,9 :: 		CHS2_bit = 0;
0x000F	0x121F      	BCF        CHS2_bit, BitPos(CHS2_bit+0)
;Project9.c,10 :: 		CHS3_bit = 0;
0x0010	0x129F      	BCF        CHS3_bit, BitPos(CHS3_bit+0)
;Project9.c,11 :: 		ADFM_bit = 1;
0x0011	0x1683      	BSF        STATUS, 5
0x0012	0x179F      	BSF        ADFM_bit, BitPos(ADFM_bit+0)
;Project9.c,12 :: 		ADON_bit = 1;
0x0013	0x1283      	BCF        STATUS, 5
0x0014	0x141F      	BSF        ADON_bit, BitPos(ADON_bit+0)
;Project9.c,13 :: 		while(1) {
L_main0:
;Project9.c,14 :: 		GO_bit = 1;
0x0015	0x149F      	BSF        GO_bit, BitPos(GO_bit+0)
;Project9.c,15 :: 		while(ADIF_bit == 0){};
L_main2:
0x0016	0x1B0C      	BTFSC      ADIF_bit, BitPos(ADIF_bit+0)
0x0017	0x2819      	GOTO       L_main3
0x0018	0x2816      	GOTO       L_main2
L_main3:
;Project9.c,16 :: 		PORTC = ADRESH;
0x0019	0x081E      	MOVF       ADRESH, 0
0x001A	0x0087      	MOVWF      PORTC
;Project9.c,17 :: 		PORTD = ADRESL;
0x001B	0x1683      	BSF        STATUS, 5
0x001C	0x081E      	MOVF       ADRESL, 0
0x001D	0x1283      	BCF        STATUS, 5
0x001E	0x0088      	MOVWF      PORTD
;Project9.c,18 :: 		ADIF_bit = 0;
0x001F	0x130C      	BCF        ADIF_bit, BitPos(ADIF_bit+0)
;Project9.c,19 :: 		}
0x0020	0x2815      	GOTO       L_main0
;Project9.c,20 :: 		}
L_end_main:
0x0021	0x2821      	GOTO       $+0
; end of _main
Symbol List:
//** Routines locations **
//ADDRESS    SIZE    PROCEDURE
//----------------------------------------------
0x0003      [31]    _main
//** Variables locations ** 
//ADDRESS    SIZE    VARIABLE
//----------------------------------------------
0x0000       [1]    INDF
0x0003       [1]    STATUS
0x0004       [1]    FSR
0x0007       [1]    PORTC
0x0008       [1]    PORTD
0x000A       [1]    PCLATH
0x000C       [0]    ADIF_bit
0x001E       [1]    ADRESH
0x001F       [0]    ADON_bit
0x001F       [0]    CHS3_bit
0x001F       [0]    CHS2_bit
0x001F       [0]    GO_bit
0x001F       [0]    CHS0_bit
0x001F       [0]    CHS1_bit
0x0020       [2]    ___DoICPAddr
0x0070       [1]    R0
0x0071       [1]    R1
0x0072       [1]    R2
0x0073       [1]    R3
0x0074       [1]    R4
0x0075       [1]    R5
0x0076       [1]    R6
0x0077       [1]    R7
0x0078       [1]    R8
0x0079       [1]    R9
0x007A       [1]    R10
0x007B       [1]    R11
0x007C       [1]    R12
0x007D       [1]    R13
0x007E       [1]    R14
0x007F       [1]    R15
0x0087       [1]    TRISC
0x0088       [1]    TRISD
0x009E       [1]    ADRESL
0x009F       [0]    ADFM_bit
0x0188       [1]    ANSEL
0x0189       [1]    ANSELH
