;  LST file generated by mikroListExporter - v.2.0 
; Date/Time: 27/11/2021 17:56:53
;----------------------------------------------

;Address Opcode 	ASM
0x0000	0x2803      	GOTO       3
_main:
;Project1.c,1 :: 		void main() {
;Project1.c,2 :: 		ANSEL = ANSELH = 0;
0x0003	0x1683      	BSF        STATUS, 5
0x0004	0x1703      	BSF        STATUS, 6
0x0005	0x0189      	CLRF       ANSELH
0x0006	0x0188      	CLRF       ANSEL
;Project1.c,3 :: 		TRISC = 0xFF;
0x0007	0x30FF      	MOVLW      255
0x0008	0x1303      	BCF        STATUS, 6
0x0009	0x0087      	MOVWF      TRISC
;Project1.c,4 :: 		TRISD = 0x00;
0x000A	0x0188      	CLRF       TRISD
;Project1.c,5 :: 		while(1) {
L_main0:
;Project1.c,6 :: 		PORTD = 0b10000000;
0x000B	0x3080      	MOVLW      128
0x000C	0x1283      	BCF        STATUS, 5
0x000D	0x0088      	MOVWF      PORTD
;Project1.c,7 :: 		delay_ms(1000);
0x000E	0x3002      	MOVLW      2
0x000F	0x00FB      	MOVWF      R11
0x0010	0x3045      	MOVLW      69
0x0011	0x00FC      	MOVWF      R12
0x0012	0x30A9      	MOVLW      169
0x0013	0x00FD      	MOVWF      R13
L_main2:
0x0014	0x0BFD      	DECFSZ     R13, 1
0x0015	0x2814      	GOTO       L_main2
0x0016	0x0BFC      	DECFSZ     R12, 1
0x0017	0x2814      	GOTO       L_main2
0x0018	0x0BFB      	DECFSZ     R11, 1
0x0019	0x2814      	GOTO       L_main2
0x001A	0x0000      	NOP
0x001B	0x0000      	NOP
;Project1.c,8 :: 		PORTD = 0b00000000;
0x001C	0x0188      	CLRF       PORTD
;Project1.c,9 :: 		delay_ms(1000);
0x001D	0x3002      	MOVLW      2
0x001E	0x00FB      	MOVWF      R11
0x001F	0x3045      	MOVLW      69
0x0020	0x00FC      	MOVWF      R12
0x0021	0x30A9      	MOVLW      169
0x0022	0x00FD      	MOVWF      R13
L_main3:
0x0023	0x0BFD      	DECFSZ     R13, 1
0x0024	0x2823      	GOTO       L_main3
0x0025	0x0BFC      	DECFSZ     R12, 1
0x0026	0x2823      	GOTO       L_main3
0x0027	0x0BFB      	DECFSZ     R11, 1
0x0028	0x2823      	GOTO       L_main3
0x0029	0x0000      	NOP
0x002A	0x0000      	NOP
;Project1.c,10 :: 		if (RC2_bit == 1) {
0x002B	0x1D07      	BTFSS      RC2_bit, BitPos(RC2_bit+0)
0x002C	0x2830      	GOTO       L_main4
;Project1.c,11 :: 		PORTD = 0b10000001;
0x002D	0x3081      	MOVLW      129
0x002E	0x0088      	MOVWF      PORTD
;Project1.c,12 :: 		}
0x002F	0x2832      	GOTO       L_main5
L_main4:
;Project1.c,14 :: 		PORTD = 0b10000000;
0x0030	0x3080      	MOVLW      128
0x0031	0x0088      	MOVWF      PORTD
;Project1.c,15 :: 		}
L_main5:
;Project1.c,16 :: 		}
0x0032	0x280B      	GOTO       L_main0
;Project1.c,17 :: 		}
L_end_main:
0x0033	0x2833      	GOTO       $+0
; end of _main
Symbol List:
//** Routines locations **
//ADDRESS    SIZE    PROCEDURE
//----------------------------------------------
0x0003      [49]    _main
//** Variables locations ** 
//ADDRESS    SIZE    VARIABLE
//----------------------------------------------
0x0000       [1]    INDF
0x0003       [1]    STATUS
0x0004       [1]    FSR
0x0007       [0]    RC2_bit
0x0008       [1]    PORTD
0x000A       [1]    PCLATH
0x0020       [2]    ___DoICPAddr
0x0070       [1]    R0
0x0071       [1]    R1
0x0072       [1]    R2
0x0073       [1]    R3
0x0074       [1]    R4
0x0075       [1]    R5
0x0076       [1]    R6
0x0077       [1]    R7
0x0078       [1]    R8
0x0079       [1]    R9
0x007A       [1]    R10
0x007B       [1]    R11
0x007C       [1]    R12
0x007D       [1]    R13
0x007E       [1]    R14
0x007F       [1]    R15
0x0087       [1]    TRISC
0x0088       [1]    TRISD
0x0188       [1]    ANSEL
0x0189       [1]    ANSELH
