;  LST file generated by mikroListExporter - v.2.0 
; Date/Time: 27/11/2021 17:44:31
;----------------------------------------------

;Address Opcode 	ASM
0x0000	0x2803      	GOTO       3
_main:
;Project11.c,1 :: 		void main() {
;Project11.c,2 :: 		ANSEL = ANSELH = 0;
0x0003	0x1683      	BSF        STATUS, 5
0x0004	0x1703      	BSF        STATUS, 6
0x0005	0x0189      	CLRF       ANSELH
0x0006	0x0188      	CLRF       ANSEL
;Project11.c,3 :: 		TRISA = 0x00;
0x0007	0x1303      	BCF        STATUS, 6
0x0008	0x0185      	CLRF       TRISA
;Project11.c,4 :: 		C2R_bit = 0;
0x0009	0x1283      	BCF        STATUS, 5
0x000A	0x1703      	BSF        STATUS, 6
0x000B	0x1108      	BCF        C2R_bit, BitPos(C2R_bit+0)
;Project11.c,5 :: 		C2CH0_bit = 1;
0x000C	0x1408      	BSF        C2CH0_bit, BitPos(C2CH0_bit+0)
;Project11.c,6 :: 		C2CH1_bit = 0;
0x000D	0x1088      	BCF        C2CH1_bit, BitPos(C2CH1_bit+0)
;Project11.c,7 :: 		C2POL_bit = 0;
0x000E	0x1208      	BCF        C2POL_bit, BitPos(C2POL_bit+0)
;Project11.c,8 :: 		C2ON_bit = 1;
0x000F	0x1788      	BSF        C2ON_bit, BitPos(C2ON_bit+0)
;Project11.c,9 :: 		while(1) {
L_main0:
0x0010	0x1703      	BSF        STATUS, 6
;Project11.c,10 :: 		PORTA.B5 = C2OUT_bit;
0x0011	0x1B08      	BTFSC      C2OUT_bit, BitPos(C2OUT_bit+0)
0x0012	0x2816      	GOTO       L__main3
0x0013	0x1303      	BCF        STATUS, 6
0x0014	0x1285      	BCF        PORTA, 5
0x0015	0x2818      	GOTO       L__main4
L__main3:
0x0016	0x1303      	BCF        STATUS, 6
0x0017	0x1685      	BSF        PORTA, 5
L__main4:
;Project11.c,11 :: 		}
0x0018	0x2810      	GOTO       L_main0
;Project11.c,12 :: 		}
L_end_main:
0x0019	0x2819      	GOTO       $+0
; end of _main
Symbol List:
//** Routines locations **
//ADDRESS    SIZE    PROCEDURE
//----------------------------------------------
0x0003      [23]    _main
//** Variables locations ** 
//ADDRESS    SIZE    VARIABLE
//----------------------------------------------
0x0000       [1]    INDF
0x0003       [1]    STATUS
0x0004       [1]    FSR
0x0005       [1]    PORTA
0x000A       [1]    PCLATH
0x0020       [2]    ___DoICPAddr
0x0070       [1]    R0
0x0071       [1]    R1
0x0072       [1]    R2
0x0073       [1]    R3
0x0074       [1]    R4
0x0075       [1]    R5
0x0076       [1]    R6
0x0077       [1]    R7
0x0078       [1]    R8
0x0079       [1]    R9
0x007A       [1]    R10
0x007B       [1]    R11
0x007C       [1]    R12
0x007D       [1]    R13
0x007E       [1]    R14
0x007F       [1]    R15
0x0085       [1]    TRISA
0x0108       [0]    C2OUT_bit
0x0108       [0]    C2ON_bit
0x0108       [0]    C2CH0_bit
0x0108       [0]    C2R_bit
0x0108       [0]    C2POL_bit
0x0108       [0]    C2CH1_bit
0x0188       [1]    ANSEL
0x0189       [1]    ANSELH
