;  LST file generated by mikroListExporter - v.2.0 
; Date/Time: 27/11/2021 18:07:34
;----------------------------------------------

;Address Opcode 	ASM
0x0000	0x285F      	GOTO       95
_Interrupt:
0x0004	0x00FF      	MOVWF      R15
0x0005	0x0E03      	SWAPF      STATUS, 0
0x0006	0x0183      	CLRF       STATUS
0x0007	0x00A4      	MOVWF      ___saveSTATUS
0x0008	0x080A      	MOVF       PCLATH, 0
0x0009	0x00A5      	MOVWF      ___savePCLATH
0x000A	0x018A      	CLRF       PCLATH
;Project7.c,3 :: 		void Interrupt() {
;Project7.c,4 :: 		if (TMR1IF_bit == 1) {
0x000B	0x1C0C      	BTFSS      TMR1IF_bit, BitPos(TMR1IF_bit+0)
0x000C	0x280E      	GOTO       L_Interrupt0
;Project7.c,5 :: 		TMR1IF_bit = 0;
0x000D	0x100C      	BCF        TMR1IF_bit, BitPos(TMR1IF_bit+0)
;Project7.c,6 :: 		}
L_Interrupt0:
;Project7.c,7 :: 		}
L_end_Interrupt:
L__Interrupt10:
0x000E	0x0825      	MOVF       ___savePCLATH, 0
0x000F	0x008A      	MOVWF      PCLATH
0x0010	0x0E24      	SWAPF      ___saveSTATUS, 0
0x0011	0x0083      	MOVWF      STATUS
0x0012	0x0EFF      	SWAPF      R15, 1
0x0013	0x0E7F      	SWAPF      R15, 0
0x0014	0x0009      	RETFIE
; end of _Interrupt
_____DoICP:
;__Lib_System.c,6 :: 		
;__Lib_System.c,9 :: 		
0x0015	0x1283      	BCF        STATUS, 5
0x0016	0x1303      	BCF        STATUS, 6
0x0017	0x0823      	MOVF       ___DoICPAddr+1, 0
0x0018	0x008A      	MOVWF      PCLATH
;__Lib_System.c,10 :: 		
0x0019	0x0822      	MOVF       ___DoICPAddr, 0
0x001A	0x0082      	MOVWF      PCL
;__Lib_System.c,12 :: 		
L_end_____DoICP:
0x001B	0x0008      	RETURN
; end of _____DoICP
___CC2DW:
;__Lib_System.c,134 :: 		
;__Lib_System.c,137 :: 		
_CC2D_Loop1:
;__Lib_System.c,139 :: 		
0x001C	0x2015      	CALL       _____DoICP
0x001D	0x118A      	BCF        PCLATH, 3
0x001E	0x120A      	BCF        PCLATH, 4
;__Lib_System.c,141 :: 		
0x001F	0x0080      	MOVWF      INDF
;__Lib_System.c,142 :: 		
0x0020	0x0A84      	INCF       FSR, 1
;__Lib_System.c,143 :: 		
0x0021	0x0AA2      	INCF       ___DoICPAddr, 1
;__Lib_System.c,145 :: 		
0x0022	0x1903      	BTFSC      STATUS, 2
;__Lib_System.c,146 :: 		
0x0023	0x0AA3      	INCF       ___DoICPAddr+1, 1
;__Lib_System.c,147 :: 		
0x0024	0x03F0      	DECF       R0, 1
;__Lib_System.c,149 :: 		
0x0025	0x1D03      	BTFSS      STATUS, 2
;__Lib_System.c,150 :: 		
0x0026	0x281C      	GOTO       _CC2D_Loop1
;__Lib_System.c,152 :: 		
L_end___CC2DW:
0x0027	0x0008      	RETURN
; end of ___CC2DW
_Count:
;Project7.c,9 :: 		void Count() {
;Project7.c,10 :: 		if (cnt == 1) {
0x0028	0x3000      	MOVLW      0
0x0029	0x1283      	BCF        STATUS, 5
0x002A	0x1303      	BCF        STATUS, 6
0x002B	0x0621      	XORWF      _cnt+1, 0
0x002C	0x1D03      	BTFSS      STATUS, 2
0x002D	0x2830      	GOTO       L__Count12
0x002E	0x3001      	MOVLW      1
0x002F	0x0620      	XORWF      _cnt, 0
L__Count12:
0x0030	0x1D03      	BTFSS      STATUS, 2
0x0031	0x2834      	GOTO       L_Count1
;Project7.c,11 :: 		PORTD = 0b00000110;
0x0032	0x3006      	MOVLW      6
0x0033	0x0088      	MOVWF      PORTD
;Project7.c,12 :: 		}
L_Count1:
;Project7.c,13 :: 		if (cnt == 2) {
0x0034	0x3000      	MOVLW      0
0x0035	0x0621      	XORWF      _cnt+1, 0
0x0036	0x1D03      	BTFSS      STATUS, 2
0x0037	0x283A      	GOTO       L__Count13
0x0038	0x3002      	MOVLW      2
0x0039	0x0620      	XORWF      _cnt, 0
L__Count13:
0x003A	0x1D03      	BTFSS      STATUS, 2
0x003B	0x283E      	GOTO       L_Count2
;Project7.c,14 :: 		PORTD = 0b01011011;
0x003C	0x305B      	MOVLW      91
0x003D	0x0088      	MOVWF      PORTD
;Project7.c,15 :: 		}
L_Count2:
;Project7.c,16 :: 		if (cnt == 3) {
0x003E	0x3000      	MOVLW      0
0x003F	0x0621      	XORWF      _cnt+1, 0
0x0040	0x1D03      	BTFSS      STATUS, 2
0x0041	0x2844      	GOTO       L__Count14
0x0042	0x3003      	MOVLW      3
0x0043	0x0620      	XORWF      _cnt, 0
L__Count14:
0x0044	0x1D03      	BTFSS      STATUS, 2
0x0045	0x2848      	GOTO       L_Count3
;Project7.c,17 :: 		PORTD = 0b01001111;
0x0046	0x304F      	MOVLW      79
0x0047	0x0088      	MOVWF      PORTD
;Project7.c,18 :: 		}
L_Count3:
;Project7.c,19 :: 		if (cnt == 4) {
0x0048	0x3000      	MOVLW      0
0x0049	0x0621      	XORWF      _cnt+1, 0
0x004A	0x1D03      	BTFSS      STATUS, 2
0x004B	0x284E      	GOTO       L__Count15
0x004C	0x3004      	MOVLW      4
0x004D	0x0620      	XORWF      _cnt, 0
L__Count15:
0x004E	0x1D03      	BTFSS      STATUS, 2
0x004F	0x2852      	GOTO       L_Count4
;Project7.c,20 :: 		PORTD = 0b01100110;
0x0050	0x3066      	MOVLW      102
0x0051	0x0088      	MOVWF      PORTD
;Project7.c,21 :: 		}
L_Count4:
;Project7.c,22 :: 		if (cnt == 5) {
0x0052	0x3000      	MOVLW      0
0x0053	0x0621      	XORWF      _cnt+1, 0
0x0054	0x1D03      	BTFSS      STATUS, 2
0x0055	0x2858      	GOTO       L__Count16
0x0056	0x3005      	MOVLW      5
0x0057	0x0620      	XORWF      _cnt, 0
L__Count16:
0x0058	0x1D03      	BTFSS      STATUS, 2
0x0059	0x285E      	GOTO       L_Count5
;Project7.c,23 :: 		PORTD = 0b01101101;
0x005A	0x306D      	MOVLW      109
0x005B	0x0088      	MOVWF      PORTD
;Project7.c,24 :: 		cnt = 0;
0x005C	0x01A0      	CLRF       _cnt
0x005D	0x01A1      	CLRF       _cnt+1
;Project7.c,25 :: 		}
L_Count5:
;Project7.c,26 :: 		}
L_end_Count:
0x005E	0x0008      	RETURN
; end of _Count
_main:
0x005F	0x1283      	BCF        STATUS, 5
0x0060	0x1303      	BCF        STATUS, 6
0x0061	0x01A0      	CLRF       _cnt
0x0062	0x01A1      	CLRF       33
;Project7.c,28 :: 		void main() {
;Project7.c,29 :: 		ANSEL = ANSELH = 0;
0x0063	0x1683      	BSF        STATUS, 5
0x0064	0x1703      	BSF        STATUS, 6
0x0065	0x0189      	CLRF       ANSELH
0x0066	0x0188      	CLRF       ANSEL
;Project7.c,30 :: 		TRISD = 0x00;
0x0067	0x1303      	BCF        STATUS, 6
0x0068	0x0188      	CLRF       TRISD
;Project7.c,31 :: 		PORTD = 0x00;
0x0069	0x1283      	BCF        STATUS, 5
0x006A	0x0188      	CLRF       PORTD
;Project7.c,32 :: 		GIE_bit = 1;
0x006B	0x178B      	BSF        GIE_bit, BitPos(GIE_bit+0)
;Project7.c,33 :: 		PEIE_bit = 1;
0x006C	0x170B      	BSF        PEIE_bit, BitPos(PEIE_bit+0)
;Project7.c,34 :: 		TMR1IE_bit = 1;
0x006D	0x1683      	BSF        STATUS, 5
0x006E	0x140C      	BSF        TMR1IE_bit, BitPos(TMR1IE_bit+0)
;Project7.c,35 :: 		T1OSCEN_bit = 1;
0x006F	0x1283      	BCF        STATUS, 5
0x0070	0x1590      	BSF        T1OSCEN_bit, BitPos(T1OSCEN_bit+0)
;Project7.c,36 :: 		TMR1CS_bit = 1;
0x0071	0x1490      	BSF        TMR1CS_bit, BitPos(TMR1CS_bit+0)
;Project7.c,37 :: 		T1SYNC_bit = 1;
0x0072	0x1510      	BSF        T1SYNC_bit, BitPos(T1SYNC_bit+0)
;Project7.c,38 :: 		TMR1ON_bit = 1;
0x0073	0x1410      	BSF        TMR1ON_bit, BitPos(TMR1ON_bit+0)
;Project7.c,39 :: 		TMR1L = 1;
0x0074	0x3001      	MOVLW      1
0x0075	0x008E      	MOVWF      TMR1L
;Project7.c,40 :: 		while(1) {
L_main6:
;Project7.c,41 :: 		if (TMR1L == 3) {
0x0076	0x080E      	MOVF       TMR1L, 0
0x0077	0x3A03      	XORLW      3
0x0078	0x1D03      	BTFSS      STATUS, 2
0x0079	0x287F      	GOTO       L_main8
;Project7.c,42 :: 		cnt++;
0x007A	0x0AA0      	INCF       _cnt, 1
0x007B	0x1903      	BTFSC      STATUS, 2
0x007C	0x0AA1      	INCF       _cnt+1, 1
;Project7.c,43 :: 		Count();
0x007D	0x2028      	CALL       _Count
;Project7.c,44 :: 		TMR1L = 0;
0x007E	0x018E      	CLRF       TMR1L
;Project7.c,45 :: 		}
L_main8:
;Project7.c,46 :: 		}
0x007F	0x2876      	GOTO       L_main6
;Project7.c,47 :: 		}
L_end_main:
0x0080	0x2880      	GOTO       $+0
; end of _main
Symbol List:
//** Routines locations **
//ADDRESS    SIZE    PROCEDURE
//----------------------------------------------
0x0004      [17]    _Interrupt
0x0015       [7]    _____DoICP
0x001C      [12]    ___CC2DW
0x0028      [55]    _Count
0x005F      [34]    _main
//** Variables locations ** 
//ADDRESS    SIZE    VARIABLE
//----------------------------------------------
0x0000       [1]    INDF
0x0002       [1]    PCL
0x0003       [1]    STATUS
0x0004       [1]    FSR
0x0008       [1]    PORTD
0x000A       [1]    PCLATH
0x000B       [0]    GIE_bit
0x000B       [0]    PEIE_bit
0x000C       [0]    TMR1IF_bit
0x000E       [1]    TMR1L
0x0010       [0]    T1SYNC_bit
0x0010       [0]    TMR1ON_bit
0x0010       [0]    TMR1CS_bit
0x0010       [0]    T1OSCEN_bit
0x0020       [2]    _cnt
0x0022       [2]    ___DoICPAddr
0x0024       [1]    ___saveSTATUS
0x0025       [1]    ___savePCLATH
0x0070       [1]    R0
0x0071       [1]    R1
0x0072       [1]    R2
0x0073       [1]    R3
0x0074       [1]    R4
0x0075       [1]    R5
0x0076       [1]    R6
0x0077       [1]    R7
0x0078       [1]    R8
0x0079       [1]    R9
0x007A       [1]    R10
0x007B       [1]    R11
0x007C       [1]    R12
0x007D       [1]    R13
0x007E       [1]    R14
0x007F       [1]    R15
0x0088       [1]    TRISD
0x008C       [0]    TMR1IE_bit
0x0188       [1]    ANSEL
0x0189       [1]    ANSELH
