;  LST file generated by mikroListExporter - v.2.0 
; Date/Time: 27/11/2021 18:03:48
;----------------------------------------------

;Address Opcode 	ASM
0x0000	0x2864      	GOTO       100
_Interrupt:
0x0004	0x00FF      	MOVWF      R15
0x0005	0x0E03      	SWAPF      STATUS, 0
0x0006	0x0183      	CLRF       STATUS
0x0007	0x00A7      	MOVWF      ___saveSTATUS
0x0008	0x080A      	MOVF       PCLATH, 0
0x0009	0x00A6      	MOVWF      ___savePCLATH
0x000A	0x018A      	CLRF       PCLATH
;Project4.c,4 :: 		void Interrupt() {
;Project4.c,5 :: 		if (TMR0IF_bit == 1) {
0x000B	0x1D0B      	BTFSS      TMR0IF_bit, BitPos(TMR0IF_bit+0)
0x000C	0x2813      	GOTO       L_Interrupt0
;Project4.c,6 :: 		cnt++;
0x000D	0x0AA2      	INCF       _cnt, 1
0x000E	0x1903      	BTFSC      STATUS, 2
0x000F	0x0AA3      	INCF       _cnt+1, 1
;Project4.c,7 :: 		TMR0 = 175;
0x0010	0x30AF      	MOVLW      175
0x0011	0x0081      	MOVWF      TMR0
;Project4.c,8 :: 		TMR0IF_bit = 0;
0x0012	0x110B      	BCF        TMR0IF_bit, BitPos(TMR0IF_bit+0)
;Project4.c,9 :: 		}
L_Interrupt0:
;Project4.c,10 :: 		}
L_end_Interrupt:
L__Interrupt10:
0x0013	0x0826      	MOVF       ___savePCLATH, 0
0x0014	0x008A      	MOVWF      PCLATH
0x0015	0x0E27      	SWAPF      ___saveSTATUS, 0
0x0016	0x0083      	MOVWF      STATUS
0x0017	0x0EFF      	SWAPF      R15, 1
0x0018	0x0E7F      	SWAPF      R15, 0
0x0019	0x0009      	RETFIE
; end of _Interrupt
_____DoICP:
;__Lib_System.c,6 :: 		
;__Lib_System.c,9 :: 		
0x001A	0x1283      	BCF        STATUS, 5
0x001B	0x1303      	BCF        STATUS, 6
0x001C	0x0825      	MOVF       ___DoICPAddr+1, 0
0x001D	0x008A      	MOVWF      PCLATH
;__Lib_System.c,10 :: 		
0x001E	0x0824      	MOVF       ___DoICPAddr, 0
0x001F	0x0082      	MOVWF      PCL
;__Lib_System.c,12 :: 		
L_end_____DoICP:
0x0020	0x0008      	RETURN
; end of _____DoICP
___CC2DW:
;__Lib_System.c,134 :: 		
;__Lib_System.c,137 :: 		
_CC2D_Loop1:
;__Lib_System.c,139 :: 		
0x0021	0x201A      	CALL       _____DoICP
0x0022	0x118A      	BCF        PCLATH, 3
0x0023	0x120A      	BCF        PCLATH, 4
;__Lib_System.c,141 :: 		
0x0024	0x0080      	MOVWF      INDF
;__Lib_System.c,142 :: 		
0x0025	0x0A84      	INCF       FSR, 1
;__Lib_System.c,143 :: 		
0x0026	0x0AA4      	INCF       ___DoICPAddr, 1
;__Lib_System.c,145 :: 		
0x0027	0x1903      	BTFSC      STATUS, 2
;__Lib_System.c,146 :: 		
0x0028	0x0AA5      	INCF       ___DoICPAddr+1, 1
;__Lib_System.c,147 :: 		
0x0029	0x03F0      	DECF       R0, 1
;__Lib_System.c,149 :: 		
0x002A	0x1D03      	BTFSS      STATUS, 2
;__Lib_System.c,150 :: 		
0x002B	0x2821      	GOTO       _CC2D_Loop1
;__Lib_System.c,152 :: 		
L_end___CC2DW:
0x002C	0x0008      	RETURN
; end of ___CC2DW
_Count:
;Project4.c,12 :: 		void Count() {
;Project4.c,13 :: 		if (var == 1) {
0x002D	0x3000      	MOVLW      0
0x002E	0x1283      	BCF        STATUS, 5
0x002F	0x1303      	BCF        STATUS, 6
0x0030	0x0621      	XORWF      _var+1, 0
0x0031	0x1D03      	BTFSS      STATUS, 2
0x0032	0x2835      	GOTO       L__Count12
0x0033	0x3001      	MOVLW      1
0x0034	0x0620      	XORWF      _var, 0
L__Count12:
0x0035	0x1D03      	BTFSS      STATUS, 2
0x0036	0x2839      	GOTO       L_Count1
;Project4.c,14 :: 		PORTD = 0b00000110;
0x0037	0x3006      	MOVLW      6
0x0038	0x0088      	MOVWF      PORTD
;Project4.c,15 :: 		}
L_Count1:
;Project4.c,16 :: 		if (var == 2) {
0x0039	0x3000      	MOVLW      0
0x003A	0x0621      	XORWF      _var+1, 0
0x003B	0x1D03      	BTFSS      STATUS, 2
0x003C	0x283F      	GOTO       L__Count13
0x003D	0x3002      	MOVLW      2
0x003E	0x0620      	XORWF      _var, 0
L__Count13:
0x003F	0x1D03      	BTFSS      STATUS, 2
0x0040	0x2843      	GOTO       L_Count2
;Project4.c,17 :: 		PORTD = 0b01011011;
0x0041	0x305B      	MOVLW      91
0x0042	0x0088      	MOVWF      PORTD
;Project4.c,18 :: 		}
L_Count2:
;Project4.c,19 :: 		if (var == 3) {
0x0043	0x3000      	MOVLW      0
0x0044	0x0621      	XORWF      _var+1, 0
0x0045	0x1D03      	BTFSS      STATUS, 2
0x0046	0x2849      	GOTO       L__Count14
0x0047	0x3003      	MOVLW      3
0x0048	0x0620      	XORWF      _var, 0
L__Count14:
0x0049	0x1D03      	BTFSS      STATUS, 2
0x004A	0x284D      	GOTO       L_Count3
;Project4.c,20 :: 		PORTD = 0b01001111;
0x004B	0x304F      	MOVLW      79
0x004C	0x0088      	MOVWF      PORTD
;Project4.c,21 :: 		}
L_Count3:
;Project4.c,22 :: 		if (var == 4) {
0x004D	0x3000      	MOVLW      0
0x004E	0x0621      	XORWF      _var+1, 0
0x004F	0x1D03      	BTFSS      STATUS, 2
0x0050	0x2853      	GOTO       L__Count15
0x0051	0x3004      	MOVLW      4
0x0052	0x0620      	XORWF      _var, 0
L__Count15:
0x0053	0x1D03      	BTFSS      STATUS, 2
0x0054	0x2857      	GOTO       L_Count4
;Project4.c,23 :: 		PORTD = 0b01100110;
0x0055	0x3066      	MOVLW      102
0x0056	0x0088      	MOVWF      PORTD
;Project4.c,24 :: 		}
L_Count4:
;Project4.c,25 :: 		if (var == 5) {
0x0057	0x3000      	MOVLW      0
0x0058	0x0621      	XORWF      _var+1, 0
0x0059	0x1D03      	BTFSS      STATUS, 2
0x005A	0x285D      	GOTO       L__Count16
0x005B	0x3005      	MOVLW      5
0x005C	0x0620      	XORWF      _var, 0
L__Count16:
0x005D	0x1D03      	BTFSS      STATUS, 2
0x005E	0x2863      	GOTO       L_Count5
;Project4.c,26 :: 		PORTD = 0b01101101;
0x005F	0x306D      	MOVLW      109
0x0060	0x0088      	MOVWF      PORTD
;Project4.c,27 :: 		var = 0;
0x0061	0x01A0      	CLRF       _var
0x0062	0x01A1      	CLRF       _var+1
;Project4.c,28 :: 		}
L_Count5:
;Project4.c,29 :: 		}
L_end_Count:
0x0063	0x0008      	RETURN
; end of _Count
_main:
0x0064	0x1283      	BCF        STATUS, 5
0x0065	0x1303      	BCF        STATUS, 6
0x0066	0x01A0      	CLRF       _var
0x0067	0x01A1      	CLRF       33
0x0068	0x01A2      	CLRF       _cnt
0x0069	0x01A3      	CLRF       35
;Project4.c,31 :: 		void main() {
;Project4.c,32 :: 		ANSEL = ANSELH = 0;
0x006A	0x1683      	BSF        STATUS, 5
0x006B	0x1703      	BSF        STATUS, 6
0x006C	0x0189      	CLRF       ANSELH
0x006D	0x0188      	CLRF       ANSEL
;Project4.c,33 :: 		TRISD = 0x00;
0x006E	0x1303      	BCF        STATUS, 6
0x006F	0x0188      	CLRF       TRISD
;Project4.c,34 :: 		PORTD = 0x00;
0x0070	0x1283      	BCF        STATUS, 5
0x0071	0x0188      	CLRF       PORTD
;Project4.c,35 :: 		GIE_bit = 1;
0x0072	0x178B      	BSF        GIE_bit, BitPos(GIE_bit+0)
;Project4.c,36 :: 		TMR0IE_bit = 1;
0x0073	0x168B      	BSF        TMR0IE_bit, BitPos(TMR0IE_bit+0)
;Project4.c,37 :: 		T0CS_bit = 0;
0x0074	0x1683      	BSF        STATUS, 5
0x0075	0x1281      	BCF        T0CS_bit, BitPos(T0CS_bit+0)
;Project4.c,38 :: 		PSA_bit = 0;
0x0076	0x1181      	BCF        PSA_bit, BitPos(PSA_bit+0)
;Project4.c,39 :: 		PS0_bit = 1;
0x0077	0x1401      	BSF        PS0_bit, BitPos(PS0_bit+0)
;Project4.c,40 :: 		PS1_bit = 1;
0x0078	0x1481      	BSF        PS1_bit, BitPos(PS1_bit+0)
;Project4.c,41 :: 		PS2_bit = 1;
0x0079	0x1501      	BSF        PS2_bit, BitPos(PS2_bit+0)
;Project4.c,42 :: 		TMR0 = 175;
0x007A	0x30AF      	MOVLW      175
0x007B	0x1283      	BCF        STATUS, 5
0x007C	0x0081      	MOVWF      TMR0
;Project4.c,43 :: 		while(1) {
L_main6:
;Project4.c,44 :: 		if (cnt == 15) {
0x007D	0x3000      	MOVLW      0
0x007E	0x0623      	XORWF      _cnt+1, 0
0x007F	0x1D03      	BTFSS      STATUS, 2
0x0080	0x2883      	GOTO       L__main18
0x0081	0x300F      	MOVLW      15
0x0082	0x0622      	XORWF      _cnt, 0
L__main18:
0x0083	0x1D03      	BTFSS      STATUS, 2
0x0084	0x288B      	GOTO       L_main8
;Project4.c,45 :: 		Count();
0x0085	0x202D      	CALL       _Count
;Project4.c,46 :: 		cnt = 0;
0x0086	0x01A2      	CLRF       _cnt
0x0087	0x01A3      	CLRF       _cnt+1
;Project4.c,47 :: 		var++;
0x0088	0x0AA0      	INCF       _var, 1
0x0089	0x1903      	BTFSC      STATUS, 2
0x008A	0x0AA1      	INCF       _var+1, 1
;Project4.c,48 :: 		}
L_main8:
;Project4.c,49 :: 		}
0x008B	0x287D      	GOTO       L_main6
;Project4.c,50 :: 		}
L_end_main:
0x008C	0x288C      	GOTO       $+0
; end of _main
Symbol List:
//** Routines locations **
//ADDRESS    SIZE    PROCEDURE
//----------------------------------------------
0x0004      [22]    _Interrupt
0x001A       [7]    _____DoICP
0x0021      [12]    ___CC2DW
0x002D      [55]    _Count
0x0064      [41]    _main
//** Variables locations ** 
//ADDRESS    SIZE    VARIABLE
//----------------------------------------------
0x0000       [1]    INDF
0x0001       [1]    TMR0
0x0002       [1]    PCL
0x0003       [1]    STATUS
0x0004       [1]    FSR
0x0008       [1]    PORTD
0x000A       [1]    PCLATH
0x000B       [0]    TMR0IF_bit
0x000B       [0]    GIE_bit
0x000B       [0]    TMR0IE_bit
0x0020       [2]    _var
0x0022       [2]    _cnt
0x0024       [2]    ___DoICPAddr
0x0026       [1]    ___savePCLATH
0x0027       [1]    ___saveSTATUS
0x0070       [1]    R0
0x0071       [1]    R1
0x0072       [1]    R2
0x0073       [1]    R3
0x0074       [1]    R4
0x0075       [1]    R5
0x0076       [1]    R6
0x0077       [1]    R7
0x0078       [1]    R8
0x0079       [1]    R9
0x007A       [1]    R10
0x007B       [1]    R11
0x007C       [1]    R12
0x007D       [1]    R13
0x007E       [1]    R14
0x007F       [1]    R15
0x0081       [0]    PS2_bit
0x0081       [0]    PS1_bit
0x0081       [0]    PS0_bit
0x0081       [0]    PSA_bit
0x0081       [0]    T0CS_bit
0x0088       [1]    TRISD
0x0188       [1]    ANSEL
0x0189       [1]    ANSELH
